<?xml version="1.0" encoding="UTF-8"?>
<!-- Generated by org.testng.reporters.JUnitXMLReporter -->
<testsuite ignored="0" hostname="INSWL-B7RD3F3" failures="0" tests="3" name="Test" time="151.242" errors="0" timestamp="2023-08-29T18:53:41 IST">
  <testcase classname="com.selenium.Salesforce.TC001_CreatNewCase" name="CreateNewCase" time="30.157"/>
  <testcase classname="com.selenium.Salesforce.TC003_DeleteCase" name="DeleteCase" time="36.842"/>
  <testcase classname="com.selenium.Salesforce.TC004_CreateCaseWithoutMandatoryFields" name="CreateCaseWithoutMandatoryFields" time="50.889"/>
</testsuite> <!-- Test -->
