<?xml version="1.0" encoding="UTF-8"?>
<testng-results ignored="0" total="1" passed="1" failed="0" skipped="0">
  <reporter-output>
  </reporter-output>
  <suite started-at="2023-08-31T16:56:42 IST" name="Default suite" finished-at="2023-08-31T16:57:22 IST" duration-ms="40379">
    <groups>
    </groups>
    <test started-at="2023-08-31T16:56:42 IST" name="Default test" finished-at="2023-08-31T16:57:22 IST" duration-ms="40379">
      <class name="com.selenium.account.TC001_CreateAccount">
        <test-method is-config="true" signature="Setup()[pri:0, instance:com.selenium.account.TC001_CreateAccount@2794eab6]" started-at="2023-08-31T16:56:42 IST" name="Setup" finished-at="2023-08-31T16:56:55 IST" duration-ms="13490" status="PASS">
          <reporter-output>
          </reporter-output>
        </test-method> <!-- Setup -->
        <test-method signature="CreateAccount()[pri:0, instance:com.selenium.account.TC001_CreateAccount@2794eab6]" started-at="2023-08-31T16:56:55 IST" name="CreateAccount" finished-at="2023-08-31T16:57:22 IST" duration-ms="26513" status="PASS">
          <reporter-output>
          </reporter-output>
        </test-method> <!-- CreateAccount -->
        <test-method is-config="true" signature="close()[pri:0, instance:com.selenium.account.TC001_CreateAccount@2794eab6]" started-at="2023-08-31T16:57:22 IST" name="close" finished-at="2023-08-31T16:57:22 IST" duration-ms="299" status="PASS">
          <reporter-output>
          </reporter-output>
        </test-method> <!-- close -->
      </class> <!-- com.selenium.account.TC001_CreateAccount -->
    </test> <!-- Default test -->
  </suite> <!-- Default suite -->
</testng-results>
