<?xml version="1.0" encoding="UTF-8"?>
<testng-results ignored="0" total="1" passed="1" failed="0" skipped="0">
  <reporter-output>
  </reporter-output>
  <suite started-at="2023-09-04T15:58:48 IST" name="Default suite" finished-at="2023-09-04T15:59:42 IST" duration-ms="54391">
    <groups>
    </groups>
    <test started-at="2023-09-04T15:58:48 IST" name="Default test" finished-at="2023-09-04T15:59:42 IST" duration-ms="54391">
      <class name="com.selenium.Case.TC002_EditCase">
        <test-method is-config="true" signature="readProperties()[pri:0, instance:com.selenium.Case.TC002_EditCase@5ddeb7cb]" started-at="2023-09-04T15:58:48 IST" name="readProperties" finished-at="2023-09-04T15:58:48 IST" duration-ms="38" status="PASS">
          <reporter-output>
          </reporter-output>
        </test-method> <!-- readProperties -->
        <test-method is-config="true" signature="Setup()[pri:0, instance:com.selenium.Case.TC002_EditCase@5ddeb7cb]" started-at="2023-09-04T15:58:48 IST" name="Setup" finished-at="2023-09-04T15:59:07 IST" duration-ms="18956" status="PASS">
          <reporter-output>
          </reporter-output>
        </test-method> <!-- Setup -->
        <test-method signature="EditCase()[pri:0, instance:com.selenium.Case.TC002_EditCase@5ddeb7cb]" started-at="2023-09-04T15:59:07 IST" name="EditCase" finished-at="2023-09-04T15:59:42 IST" duration-ms="34809" status="PASS">
          <reporter-output>
          </reporter-output>
        </test-method> <!-- EditCase -->
        <test-method is-config="true" signature="close()[pri:0, instance:com.selenium.Case.TC002_EditCase@5ddeb7cb]" started-at="2023-09-04T15:59:42 IST" name="close" finished-at="2023-09-04T15:59:42 IST" duration-ms="508" status="PASS">
          <reporter-output>
          </reporter-output>
        </test-method> <!-- close -->
      </class> <!-- com.selenium.Case.TC002_EditCase -->
    </test> <!-- Default test -->
  </suite> <!-- Default suite -->
</testng-results>
